/home/heraqi/programs/anaconda3/lib/python3.6/site-packages/torch/nn/_reduction.py:49: UserWarning: size_average and reduce args will be deprecated, please use reduction='mean' instead.
  warnings.warn(warning.format(ret))
/home/heraqi/programs/anaconda3/lib/python3.6/site-packages/torch/nn/modules/upsampling.py:129: UserWarning: nn.Upsample is deprecated. Use nn.functional.interpolate instead.
  warnings.warn("nn.{} is deprecated. Use nn.functional.interpolate instead.".format(self.name))
Namespace(batch_size=16, checkpoint_dir='checkpoints', checkpoint_interval=1, class_path='/mnt/7A0C2F9B0C2F5185/heraqi/data/cu-obb-roadway-features/train/classes.txt', conf_thres=0.8, epochs=30, image_folder='/mnt/7A0C2F9B0C2F5185/heraqi/data/cu-obb-roadway-features/train', img_size=416, model_config_path='config/yolov3.cfg', n_cpu=0, nms_thres=0.4, use_cuda=True, weights_path='weights/yolov3.weights')
[Epoch 0/30, Batch 0/63] [Losses: x 0.247702, y 0.270656, w 13.863967, h 6.193774, theta 9899.242920, conf 4.381034, cls 0.556001, total 9924.755859, recall: 0.00000, precision: 0.00000]
[Epoch 0/30, Batch 1/63] [Losses: x 0.244077, y 0.211676, w 8.919029, h 5.519433, theta 9075.198486, conf 3.983335, cls 0.547138, total 9094.623047, recall: 0.00000, precision: 0.00000]
[Epoch 0/30, Batch 2/63] [Losses: x 0.295936, y 0.190081, w 17.754252, h 6.345396, theta 8155.631348, conf 3.557567, cls 0.526868, total 8184.301758, recall: 0.00000, precision: 0.00000]
[Epoch 0/30, Batch 3/63] [Losses: x 0.193766, y 0.237101, w 6.619185, h 4.338446, theta 8086.391602, conf 3.753376, cls 0.530764, total 8102.064453, recall: 0.02083, precision: 0.00007]
[Epoch 0/30, Batch 4/63] [Losses: x 0.185899, y 0.255860, w 8.568685, h 7.473702, theta 5789.929443, conf 3.331963, cls 0.506007, total 5810.250977, recall: 0.00000, precision: 0.00000]
[Epoch 0/30, Batch 5/63] [Losses: x 0.201630, y 0.267011, w 8.773421, h 5.650488, theta 4379.380127, conf 3.156448, cls 0.488890, total 4397.917969, recall: 0.00000, precision: 0.00000]
[Epoch 0/30, Batch 6/63] [Losses: x 0.212080, y 0.247162, w 7.971849, h 5.570149, theta 3622.383789, conf 3.050197, cls 0.484502, total 3639.919678, recall: 0.00000, precision: 0.00000]
[Epoch 0/30, Batch 7/63] [Losses: x 0.161658, y 0.274840, w 5.902333, h 7.284551, theta 2868.357605, conf 3.056920, cls 0.484812, total 2885.522949, recall: 0.00000, precision: 0.00000]
[Epoch 0/30, Batch 8/63] [Losses: x 0.186937, y 0.248496, w 5.288836, h 6.781158, theta 2198.505310, conf 3.050781, cls 0.484056, total 2214.545410, recall: 0.00000, precision: 0.00000]
[Epoch 0/30, Batch 9/63] [Losses: x 0.193825, y 0.283186, w 6.394732, h 5.088609, theta 1664.331696, conf 3.036878, cls 0.483334, total 1679.812256, recall: 0.00000, precision: 0.00000]
[Epoch 0/30, Batch 10/63] [Losses: x 0.188373, y 0.233075, w 6.942588, h 3.645604, theta 1286.588074, conf 3.007885, cls 0.482921, total 1301.088501, recall: 0.00000, precision: 0.00000]
Traceback (most recent call last):
  File "train.py", line 81, in <module>
    loss = model(imgs, targets)
  File "/home/heraqi/programs/anaconda3/lib/python3.6/site-packages/torch/nn/modules/module.py", line 489, in __call__
    result = self.forward(*input, **kwargs)
  File "/home/heraqi/scripts/yolo-obb-roadway-features/models.py", line 284, in forward
    x, *losses = module[0](x, targets)
  File "/home/heraqi/programs/anaconda3/lib/python3.6/site-packages/torch/nn/modules/module.py", line 489, in __call__
    result = self.forward(*input, **kwargs)
  File "/home/heraqi/scripts/yolo-obb-roadway-features/models.py", line 193, in forward
    img_dim=self.image_dim,
  File "/home/heraqi/scripts/yolo-obb-roadway-features/utils/utils.py", line 281, in build_targets
    iou = bbox_iou(gt_box, pred_box, visualize=False)
  File "/home/heraqi/scripts/yolo-obb-roadway-features/utils/utils.py", line 110, in bbox_iou
    ious[i] = r1.iou(r2, visualize=visualize)
  File "/home/heraqi/scripts/yolo-obb-roadway-features/utils/utils.py", line 40, in iou
    intersect_area = self.intersection(other).area
  File "/home/heraqi/scripts/yolo-obb-roadway-features/utils/utils.py", line 34, in intersection
    return self.get_contour().intersection(other.get_contour())
  File "/home/heraqi/scripts/yolo-obb-roadway-features/utils/utils.py", line 30, in get_contour
    rc = shapely.affinity.rotate(c, self.angle)
  File "/home/heraqi/programs/anaconda3/lib/python3.6/site-packages/shapely/affinity.py", line 156, in rotate
    cosp = cos(angle)
ValueError: math domain error
